# JRE version: OpenJDK Runtime Environment Temurin-11.0.12+7 (11.0.12+7) (build 11.0.12+7)
# Java VM: OpenJDK 64-Bit Server VM Temurin-11.0.12+7 (11.0.12+7, mixed mode, tiered, compressed oops, parallel gc, windows-amd64)
Heap:
 PSYoungGen      total 24064K, used 269K [0x00000000eab00000, 0x00000000ec480000, 0x0000000100000000)
  eden space 22016K, 1% used [0x00000000eab00000,0x00000000eab43690,0x00000000ec080000)
  from space 2048K, 0% used [0x00000000ec180000,0x00000000ec180000,0x00000000ec380000)
  to   space 1024K, 0% used [0x00000000ec380000,0x00000000ec380000,0x00000000ec480000)
 ParOldGen       total 68608K, used 24760K [0x00000000c0000000, 0x00000000c4300000, 0x00000000eab00000)
  object space 68608K, 36% used [0x00000000c0000000,0x00000000c182e240,0x00000000c4300000)
 Metaspace       used 33329K, capacity 35313K, committed 35672K, reserved 1081344K
  class space    used 3176K, capacity 3882K, committed 3968K, reserved 1048576K
GC Heap History (20 events):
Event: 2.438 GC heap before
{Heap before GC invocations=8 (full 1):
 PSYoungGen      total 26624K, used 26619K [0x00000000eab00000, 0x00000000eca00000, 0x0000000100000000)
  eden space 24064K, 100% used [0x00000000eab00000,0x00000000ec280000,0x00000000ec280000)
  from space 2560K, 99% used [0x00000000ec600000,0x00000000ec87ec18,0x00000000ec880000)
  to   space 3584K, 0% used [0x00000000ec280000,0x00000000ec280000,0x00000000ec600000)
 ParOldGen       total 68608K, used 6504K [0x00000000c0000000, 0x00000000c4300000, 0x00000000eab00000)
  object space 68608K, 9% used [0x00000000c0000000,0x00000000c065a3a8,0x00000000c4300000)
 Metaspace       used 30616K, capacity 32503K, committed 32640K, reserved 1079296K
  class space    used 2947K, capacity 3671K, committed 3712K, reserved 1048576K
}
Event: 2.442 GC heap after
{Heap after GC invocations=8 (full 1):
 PSYoungGen      total 27136K, used 3561K [0x00000000eab00000, 0x00000000ecb00000, 0x0000000100000000)
  eden space 23552K, 0% used [0x00000000eab00000,0x00000000eab00000,0x00000000ec200000)
  from space 3584K, 99% used [0x00000000ec280000,0x00000000ec5fa7e8,0x00000000ec600000)
  to   space 4608K, 0% used [0x00000000ec680000,0x00000000ec680000,0x00000000ecb00000)
 ParOldGen       total 68608K, used 7056K [0x00000000c0000000, 0x00000000c4300000, 0x00000000eab00000)
  object space 68608K, 10% used [0x00000000c0000000,0x00000000c06e43a8,0x00000000c4300000)
 Metaspace       used 30616K, capacity 32503K, committed 32640K, reserved 1079296K
  class space    used 2947K, capacity 3671K, committed 3712K, reserved 1048576K
}
Event: 2.520 GC heap before
{Heap before GC invocations=9 (full 1):
 PSYoungGen      total 27136K, used 27113K [0x00000000eab00000, 0x00000000ecb00000, 0x0000000100000000)
  eden space 23552K, 100% used [0x00000000eab00000,0x00000000ec200000,0x00000000ec200000)
  from space 3584K, 99% used [0x00000000ec280000,0x00000000ec5fa7e8,0x00000000ec600000)
  to   space 4608K, 0% used [0x00000000ec680000,0x00000000ec680000,0x00000000ecb00000)
 ParOldGen       total 68608K, used 7056K [0x00000000c0000000, 0x00000000c4300000, 0x00000000eab00000)
  object space 68608K, 10% used [0x00000000c0000000,0x00000000c06e43a8,0x00000000c4300000)
 Metaspace       used 31087K, capacity 32949K, committed 33280K, reserved 1079296K
  class space    used 3010K, capacity 3713K, committed 3840K, reserved 1048576K
}
Event: 2.525 GC heap after
{Heap after GC invocations=9 (full 1):
 PSYoungGen      total 26624K, used 4601K [0x00000000eab00000, 0x00000000ecd80000, 0x0000000100000000)
  eden space 22016K, 0% used [0x00000000eab00000,0x00000000eab00000,0x00000000ec080000)
  from space 4608K, 99% used [0x00000000ec680000,0x00000000ecafe480,0x00000000ecb00000)
  to   space 6144K, 0% used [0x00000000ec080000,0x00000000ec080000,0x00000000ec680000)
 ParOldGen       total 68608K, used 8121K [0x00000000c0000000, 0x00000000c4300000, 0x00000000eab00000)
  object space 68608K, 11% used [0x00000000c0000000,0x00000000c07ee7f8,0x00000000c4300000)
 Metaspace       used 31087K, capacity 32949K, committed 33280K, reserved 1079296K
  class space    used 3010K, capacity 3713K, committed 3840K, reserved 1048576K
}
Event: 2.564 GC heap before
{Heap before GC invocations=10 (full 1):
 PSYoungGen      total 26624K, used 26617K [0x00000000eab00000, 0x00000000ecd80000, 0x0000000100000000)
  eden space 22016K, 100% used [0x00000000eab00000,0x00000000ec080000,0x00000000ec080000)
  from space 4608K, 99% used [0x00000000ec680000,0x00000000ecafe480,0x00000000ecb00000)
  to   space 6144K, 0% used [0x00000000ec080000,0x00000000ec080000,0x00000000ec680000)
 ParOldGen       total 68608K, used 8121K [0x00000000c0000000, 0x00000000c4300000, 0x00000000eab00000)
  object space 68608K, 11% used [0x00000000c0000000,0x00000000c07ee7f8,0x00000000c4300000)
 Metaspace       used 31120K, capacity 33013K, committed 33280K, reserved 1079296K
  class space    used 3010K, capacity 3713K, committed 3840K, reserved 1048576K
}
Event: 2.567 GC heap after
{Heap after GC invocations=10 (full 1):
 PSYoungGen      total 27136K, used 5038K [0x00000000eab00000, 0x00000000ecb80000, 0x0000000100000000)
  eden space 22016K, 0% used [0x00000000eab00000,0x00000000eab00000,0x00000000ec080000)
  from space 5120K, 98% used [0x00000000ec080000,0x00000000ec56bbb0,0x00000000ec580000)
  to   space 5632K, 0% used [0x00000000ec600000,0x00000000ec600000,0x00000000ecb80000)
 ParOldGen       total 68608K, used 9755K [0x00000000c0000000, 0x00000000c4300000, 0x00000000eab00000)
  object space 68608K, 14% used [0x00000000c0000000,0x00000000c0986e10,0x00000000c4300000)
 Metaspace       used 31120K, capacity 33013K, committed 33280K, reserved 1079296K
  class space    used 3010K, capacity 3713K, committed 3840K, reserved 1048576K
}
Event: 2.618 GC heap before
{Heap before GC invocations=11 (full 1):
 PSYoungGen      total 27136K, used 27054K [0x00000000eab00000, 0x00000000ecb80000, 0x0000000100000000)
  eden space 22016K, 100% used [0x00000000eab00000,0x00000000ec080000,0x00000000ec080000)
  from space 5120K, 98% used [0x00000000ec080000,0x00000000ec56bbb0,0x00000000ec580000)
  to   space 5632K, 0% used [0x00000000ec600000,0x00000000ec600000,0x00000000ecb80000)
 ParOldGen       total 68608K, used 9755K [0x00000000c0000000, 0x00000000c4300000, 0x00000000eab00000)
  object space 68608K, 14% used [0x00000000c0000000,0x00000000c0986e10,0x00000000c4300000)
 Metaspace       used 31314K, capacity 33205K, committed 33536K, reserved 1079296K
  class space    used 3023K, capacity 3713K, committed 3840K, reserved 1048576K
}
Event: 2.621 GC heap after
{Heap after GC invocations=11 (full 1):
 PSYoungGen      total 26624K, used 4594K [0x00000000eab00000, 0x00000000eca80000, 0x0000000100000000)
  eden space 22016K, 0% used [0x00000000eab00000,0x00000000eab00000,0x00000000ec080000)
  from space 4608K, 99% used [0x00000000ec600000,0x00000000eca7cb38,0x00000000eca80000)
  to   space 5120K, 0% used [0x00000000ec080000,0x00000000ec080000,0x00000000ec580000)
 ParOldGen       total 68608K, used 12704K [0x00000000c0000000, 0x00000000c4300000, 0x00000000eab00000)
  object space 68608K, 18% used [0x00000000c0000000,0x00000000c0c682b8,0x00000000c4300000)
 Metaspace       used 31314K, capacity 33205K, committed 33536K, reserved 1079296K
  class space    used 3023K, capacity 3713K, committed 3840K, reserved 1048576K
}
Event: 2.654 GC heap before
{Heap before GC invocations=12 (full 1):
 PSYoungGen      total 26624K, used 26610K [0x00000000eab00000, 0x00000000eca80000, 0x0000000100000000)
  eden space 22016K, 100% used [0x00000000eab00000,0x00000000ec080000,0x00000000ec080000)
  from space 4608K, 99% used [0x00000000ec600000,0x00000000eca7cb38,0x00000000eca80000)
  to   space 5120K, 0% used [0x00000000ec080000,0x00000000ec080000,0x00000000ec580000)
 ParOldGen       total 68608K, used 12704K [0x00000000c0000000, 0x00000000c4300000, 0x00000000eab00000)
  object space 68608K, 18% used [0x00000000c0000000,0x00000000c0c682b8,0x00000000c4300000)
 Metaspace       used 31314K, capacity 33205K, committed 33536K, reserved 1079296K
  class space    used 3023K, capacity 3713K, committed 3840K, reserved 1048576K
}
Event: 2.659 GC heap after
{Heap after GC invocations=12 (full 1):
 PSYoungGen      total 24576K, used 2208K [0x00000000eab00000, 0x00000000ec780000, 0x0000000100000000)
  eden space 22016K, 0% used [0x00000000eab00000,0x00000000eab00000,0x00000000ec080000)
  from space 2560K, 86% used [0x00000000ec080000,0x00000000ec2a8000,0x00000000ec300000)
  to   space 3584K, 0% used [0x00000000ec400000,0x00000000ec400000,0x00000000ec780000)
 ParOldGen       total 68608K, used 17182K [0x00000000c0000000, 0x00000000c4300000, 0x00000000eab00000)
  object space 68608K, 25% used [0x00000000c0000000,0x00000000c10c7bb8,0x00000000c4300000)
 Metaspace       used 31314K, capacity 33205K, committed 33536K, reserved 1079296K
  class space    used 3023K, capacity 3713K, committed 3840K, reserved 1048576K
}
Event: 2.687 GC heap before
{Heap before GC invocations=13 (full 1):
 PSYoungGen      total 24576K, used 24224K [0x00000000eab00000, 0x00000000ec780000, 0x0000000100000000)
  eden space 22016K, 100% used [0x00000000eab00000,0x00000000ec080000,0x00000000ec080000)
  from space 2560K, 86% used [0x00000000ec080000,0x00000000ec2a8000,0x00000000ec300000)
  to   space 3584K, 0% used [0x00000000ec400000,0x00000000ec400000,0x00000000ec780000)
 ParOldGen       total 68608K, used 17182K [0x00000000c0000000, 0x00000000c4300000, 0x00000000eab00000)
  object space 68608K, 25% used [0x00000000c0000000,0x00000000c10c7bb8,0x00000000c4300000)
 Metaspace       used 31314K, capacity 33205K, committed 33536K, reserved 1079296K
  class space    used 3023K, capacity 3713K, committed 3840K, reserved 1048576K
}
Event: 2.692 GC heap after
{Heap after GC invocations=13 (full 1):
 PSYoungGen      total 25088K, used 2592K [0x00000000eab00000, 0x00000000ec700000, 0x0000000100000000)
  eden space 22016K, 0% used [0x00000000eab00000,0x00000000eab00000,0x00000000ec080000)
  from space 3072K, 84% used [0x00000000ec400000,0x00000000ec688010,0x00000000ec700000)
  to   space 3072K, 0% used [0x00000000ec100000,0x00000000ec100000,0x00000000ec400000)
 ParOldGen       total 68608K, used 19318K [0x00000000c0000000, 0x00000000c4300000, 0x00000000eab00000)
  object space 68608K, 28% used [0x00000000c0000000,0x00000000c12ddbb8,0x00000000c4300000)
 Metaspace       used 31314K, capacity 33205K, committed 33536K, reserved 1079296K
  class space    used 3023K, capacity 3713K, committed 3840K, reserved 1048576K
}
Event: 2.739 GC heap before
{Heap before GC invocations=14 (full 1):
 PSYoungGen      total 25088K, used 24608K [0x00000000eab00000, 0x00000000ec700000, 0x0000000100000000)
  eden space 22016K, 100% used [0x00000000eab00000,0x00000000ec080000,0x00000000ec080000)
  from space 3072K, 84% used [0x00000000ec400000,0x00000000ec688010,0x00000000ec700000)
  to   space 3072K, 0% used [0x00000000ec100000,0x00000000ec100000,0x00000000ec400000)
 ParOldGen       total 68608K, used 19318K [0x00000000c0000000, 0x00000000c4300000, 0x00000000eab00000)
  object space 68608K, 28% used [0x00000000c0000000,0x00000000c12ddbb8,0x00000000c4300000)
 Metaspace       used 31402K, capacity 33406K, committed 33536K, reserved 1079296K
  class space    used 3033K, capacity 3780K, committed 3840K, reserved 1048576K
}
Event: 2.748 GC heap after
{Heap after GC invocations=14 (full 1):
 PSYoungGen      total 25088K, used 2848K [0x00000000eab00000, 0x00000000ec680000, 0x0000000100000000)
  eden space 22016K, 0% used [0x00000000eab00000,0x00000000eab00000,0x00000000ec080000)
  from space 3072K, 92% used [0x00000000ec100000,0x00000000ec3c8000,0x00000000ec400000)
  to   space 2560K, 0% used [0x00000000ec400000,0x00000000ec400000,0x00000000ec680000)
 ParOldGen       total 68608K, used 21830K [0x00000000c0000000, 0x00000000c4300000, 0x00000000eab00000)
  object space 68608K, 31% used [0x00000000c0000000,0x00000000c1551bc8,0x00000000c4300000)
 Metaspace       used 31402K, capacity 33406K, committed 33536K, reserved 1079296K
  class space    used 3033K, capacity 3780K, committed 3840K, reserved 1048576K
}
Event: 2.884 GC heap before
{Heap before GC invocations=15 (full 1):
 PSYoungGen      total 25088K, used 24844K [0x00000000eab00000, 0x00000000ec680000, 0x0000000100000000)
  eden space 22016K, 99% used [0x00000000eab00000,0x00000000ec07b030,0x00000000ec080000)
  from space 3072K, 92% used [0x00000000ec100000,0x00000000ec3c8000,0x00000000ec400000)
  to   space 2560K, 0% used [0x00000000ec400000,0x00000000ec400000,0x00000000ec680000)
 ParOldGen       total 68608K, used 21830K [0x00000000c0000000, 0x00000000c4300000, 0x00000000eab00000)
  object space 68608K, 31% used [0x00000000c0000000,0x00000000c1551bc8,0x00000000c4300000)
 Metaspace       used 33152K, capacity 35121K, committed 35416K, reserved 1081344K
  class space    used 3161K, capacity 3882K, committed 3968K, reserved 1048576K
}
Event: 2.886 GC heap after
{Heap after GC invocations=15 (full 1):
 PSYoungGen      total 23552K, used 1049K [0x00000000eab00000, 0x00000000ec580000, 0x0000000100000000)
  eden space 22016K, 0% used [0x00000000eab00000,0x00000000eab00000,0x00000000ec080000)
  from space 1536K, 68% used [0x00000000ec400000,0x00000000ec5064c8,0x00000000ec580000)
  to   space 2048K, 0% used [0x00000000ec180000,0x00000000ec180000,0x00000000ec380000)
 ParOldGen       total 68608K, used 24611K [0x00000000c0000000, 0x00000000c4300000, 0x00000000eab00000)
  object space 68608K, 35% used [0x00000000c0000000,0x00000000c1808f20,0x00000000c4300000)
 Metaspace       used 33152K, capacity 35121K, committed 35416K, reserved 1081344K
  class space    used 3161K, capacity 3882K, committed 3968K, reserved 1048576K
}
Event: 2.893 GC heap before
{Heap before GC invocations=16 (full 1):
 PSYoungGen      total 23552K, used 1701K [0x00000000eab00000, 0x00000000ec580000, 0x0000000100000000)
  eden space 22016K, 2% used [0x00000000eab00000,0x00000000eaba3248,0x00000000ec080000)
  from space 1536K, 68% used [0x00000000ec400000,0x00000000ec5064c8,0x00000000ec580000)
  to   space 2048K, 0% used [0x00000000ec180000,0x00000000ec180000,0x00000000ec380000)
 ParOldGen       total 68608K, used 24611K [0x00000000c0000000, 0x00000000c4300000, 0x00000000eab00000)
  object space 68608K, 35% used [0x00000000c0000000,0x00000000c1808f20,0x00000000c4300000)
 Metaspace       used 33311K, capacity 35249K, committed 35416K, reserved 1081344K
  class space    used 3176K, capacity 3882K, committed 3968K, reserved 1048576K
}
Event: 2.894 GC heap after
{Heap after GC invocations=16 (full 1):
 PSYoungGen      total 24064K, used 128K [0x00000000eab00000, 0x00000000ec480000, 0x0000000100000000)
  eden space 22016K, 0% used [0x00000000eab00000,0x00000000eab00000,0x00000000ec080000)
  from space 2048K, 6% used [0x00000000ec180000,0x00000000ec1a0000,0x00000000ec380000)
  to   space 1024K, 0% used [0x00000000ec380000,0x00000000ec380000,0x00000000ec480000)
 ParOldGen       total 68608K, used 25475K [0x00000000c0000000, 0x00000000c4300000, 0x00000000eab00000)
  object space 68608K, 37% used [0x00000000c0000000,0x00000000c18e0cf0,0x00000000c4300000)
 Metaspace       used 33311K, capacity 35249K, committed 35416K, reserved 1081344K
  class space    used 3176K, capacity 3882K, committed 3968K, reserved 1048576K
}
Event: 2.894 GC heap before
{Heap before GC invocations=17 (full 2):
 PSYoungGen      total 24064K, used 128K [0x00000000eab00000, 0x00000000ec480000, 0x0000000100000000)
  eden space 22016K, 0% used [0x00000000eab00000,0x00000000eab00000,0x00000000ec080000)
  from space 2048K, 6% used [0x00000000ec180000,0x00000000ec1a0000,0x00000000ec380000)
  to   space 1024K, 0% used [0x00000000ec380000,0x00000000ec380000,0x00000000ec480000)
 ParOldGen       total 68608K, used 25475K [0x00000000c0000000, 0x00000000c4300000, 0x00000000eab00000)
  object space 68608K, 37% used [0x00000000c0000000,0x00000000c18e0cf0,0x00000000c4300000)
 Metaspace       used 33311K, capacity 35249K, committed 35416K, reserved 1081344K
  class space    used 3176K, capacity 3882K, committed 3968K, reserved 1048576K
}
Event: 3.025 GC heap after
{Heap after GC invocations=17 (full 2):
 PSYoungGen      total 24064K, used 0K [0x00000000eab00000, 0x00000000ec480000, 0x0000000100000000)
  eden space 22016K, 0% used [0x00000000eab00000,0x00000000eab00000,0x00000000ec080000)
  from space 2048K, 0% used [0x00000000ec180000,0x00000000ec180000,0x00000000ec380000)
  to   space 1024K, 0% used [0x00000000ec380000,0x00000000ec380000,0x00000000ec480000)
 ParOldGen       total 68608K, used 24760K [0x00000000c0000000, 0x00000000c4300000, 0x00000000eab00000)
  object space 68608K, 36% used [0x00000000c0000000,0x00000000c182e240,0x00000000c4300000)
 Metaspace       used 33311K, capacity 35249K, committed 35416K, reserved 1081344K
  class space    used 3176K, capacity 3882K, committed 3968K, reserved 1048576K
}

